#-----------------------------------------------------------
# Vivado v2016.4 (64-bit)
# SW Build 1756540 on Mon Jan 23 19:11:23 MST 2017
# IP Build 1755317 on Mon Jan 23 20:30:07 MST 2017
# Start of session at: Fri Apr 28 19:40:40 2017
# Process ID: 7968
# Current directory: C:/Users/kmd17/Documents/GitHub/Embedded_Systems_Lab4_multiplicator
# Command line: vivado.exe -gui_launcher_event rodinguilauncherevent8528 C:\Users\kmd17\Documents\GitHub\Embedded_Systems_Lab4_multiplicator\Embedded_Systems_Lab4_multiplicator.xpr
# Log file: C:/Users/kmd17/Documents/GitHub/Embedded_Systems_Lab4_multiplicator/vivado.log
# Journal file: C:/Users/kmd17/Documents/GitHub/Embedded_Systems_Lab4_multiplicator\vivado.jou
#-----------------------------------------------------------
start_gui
open_project C:/Users/kmd17/Documents/GitHub/Embedded_Systems_Lab4_multiplicator/Embedded_Systems_Lab4_multiplicator.xpr
Scanning sources...
Finished scanning sources
INFO: [IP_Flow 19-234] Refreshing IP repositories
INFO: [IP_Flow 19-1704] No user IP repositories specified
INFO: [IP_Flow 19-2313] Loaded Vivado IP repository 'C:/Xilinx/Vivado/2016.4/data/ip'.
open_project: Time (s): cpu = 00:00:09 ; elapsed = 00:00:05 . Memory (MB): peak = 781.742 ; gain = 119.055
exit
INFO: [Common 17-206] Exiting Vivado at Fri Apr 28 23:41:40 2017...
