#-----------------------------------------------------------
# Vivado v2016.4 (64-bit)
# SW Build 1756540 on Mon Jan 23 19:11:23 MST 2017
# IP Build 1755317 on Mon Jan 23 20:30:07 MST 2017
# Start of session at: Thu Apr 27 10:53:37 2017
# Process ID: 8740
# Current directory: C:/Users/kmd17/Documents/GitHub/Embedded_Systems_Lab4_multiplicator
# Command line: vivado.exe -gui_launcher_event rodinguilauncherevent8632 C:\Users\kmd17\Documents\GitHub\Embedded_Systems_Lab4_multiplicator\Embedded_Systems_Lab4_multiplicator.xpr
# Log file: C:/Users/kmd17/Documents/GitHub/Embedded_Systems_Lab4_multiplicator/vivado.log
# Journal file: C:/Users/kmd17/Documents/GitHub/Embedded_Systems_Lab4_multiplicator\vivado.jou
#-----------------------------------------------------------
start_gui
open_project C:/Users/kmd17/Documents/GitHub/Embedded_Systems_Lab4_multiplicator/Embedded_Systems_Lab4_multiplicator.xpr
Scanning sources...
Finished scanning sources
INFO: [IP_Flow 19-234] Refreshing IP repositories
INFO: [IP_Flow 19-1704] No user IP repositories specified
INFO: [IP_Flow 19-2313] Loaded Vivado IP repository 'C:/Xilinx/Vivado/2016.4/data/ip'.
open_project: Time (s): cpu = 00:00:08 ; elapsed = 00:00:07 . Memory (MB): peak = 744.645 ; gain = 94.875
exit
INFO: [Common 17-206] Exiting Vivado at Thu Apr 27 10:58:01 2017...
